<?xml version="1.0" encoding="UTF-8"?>
<testsuite xmlns:xsi="http://www.w3.org/2001/XMLSchema-instance" xsi:noNamespaceSchemaLocation="https://maven.apache.org/surefire/maven-surefire-plugin/xsd/surefire-test-report.xsd" name="lk.student.registration.business.util.EntityDTOMapperTest" time="9.511" tests="2" errors="1" skipped="0" failures="1">
  <properties>
[...]
</properties>
  <testcase name="getStudentDTO" classname="lk.student.registration.business.util.EntityDTOMapperTest" time="0.22">
    <failure message="expected: &lt;Ganga&gt; but was: &lt;null&gt;" type="org.opentest4j.AssertionFailedError"><![CDATA[org.opentest4j.AssertionFailedError: expected: <Ganga> but was: <null>
	at lk.student.registration.business.util.EntityDTOMapperTest.getStudentDTO(EntityDTOMapperTest.java:67)
]]></failure>
    <system-out><![CDATA[15:14:02.652 [main] DEBUG org.springframework.test.context.BootstrapUtils - Instantiating CacheAwareContextLoaderDelegate from class [org.springframework.test.context.cache.DefaultCacheAwareContextLoaderDelegate]
15:14:02.671 [main] DEBUG org.springframework.test.context.BootstrapUtils - Instantiating BootstrapContext using constructor [public org.springframework.test.context.support.DefaultBootstrapContext(java.lang.Class,org.springframework.test.context.CacheAwareContextLoaderDelegate)]
15:14:02.723 [main] DEBUG org.springframework.test.context.BootstrapUtils - Instantiating TestContextBootstrapper for test class [lk.student.registration.business.util.EntityDTOMapperTest] from class [org.springframework.boot.test.context.SpringBootTestContextBootstrapper]
15:14:02.743 [main] INFO org.springframework.boot.test.context.SpringBootTestContextBootstrapper - Neither @ContextConfiguration nor @ContextHierarchy found for test class [lk.student.registration.business.util.EntityDTOMapperTest], using SpringBootContextLoader
15:14:02.750 [main] DEBUG org.springframework.test.context.support.AbstractContextLoader - Did not detect default resource location for test class [lk.student.registration.business.util.EntityDTOMapperTest]: class path resource [lk/student/registration/business/util/EntityDTOMapperTest-context.xml] does not exist
15:14:02.751 [main] DEBUG org.springframework.test.context.support.AbstractContextLoader - Did not detect default resource location for test class [lk.student.registration.business.util.EntityDTOMapperTest]: class path resource [lk/student/registration/business/util/EntityDTOMapperTestContext.groovy] does not exist
15:14:02.751 [main] INFO org.springframework.test.context.support.AbstractContextLoader - Could not detect default resource locations for test class [lk.student.registration.business.util.EntityDTOMapperTest]: no resource found for suffixes {-context.xml, Context.groovy}.
15:14:02.752 [main] INFO org.springframework.test.context.support.AnnotationConfigContextLoaderUtils - Could not detect default configuration classes for test class [lk.student.registration.business.util.EntityDTOMapperTest]: EntityDTOMapperTest does not declare any static, non-private, non-final, nested classes annotated with @Configuration.
15:14:02.813 [main] DEBUG org.springframework.test.context.support.ActiveProfilesUtils - Could not find an 'annotation declaring class' for annotation type [org.springframework.test.context.ActiveProfiles] and class [lk.student.registration.business.util.EntityDTOMapperTest]
15:14:02.936 [main] DEBUG org.springframework.context.annotation.ClassPathScanningCandidateComponentProvider - Identified candidate component class: file [/home/ganga/IdeaProjects/Spring/-International_schools_Alumni_Association_Back_End/target/classes/lk/student/registration/Application.class]
15:14:02.938 [main] INFO org.springframework.boot.test.context.SpringBootTestContextBootstrapper - Found @SpringBootConfiguration lk.student.registration.Application for test class lk.student.registration.business.util.EntityDTOMapperTest
15:14:03.099 [main] DEBUG org.springframework.boot.test.context.SpringBootTestContextBootstrapper - @TestExecutionListeners is not present for class [lk.student.registration.business.util.EntityDTOMapperTest]: using defaults.
15:14:03.099 [main] INFO org.springframework.boot.test.context.SpringBootTestContextBootstrapper - Loaded default TestExecutionListener class names from location [META-INF/spring.factories]: [org.springframework.boot.test.mock.mockito.MockitoTestExecutionListener, org.springframework.boot.test.mock.mockito.ResetMocksTestExecutionListener, org.springframework.boot.test.autoconfigure.restdocs.RestDocsTestExecutionListener, org.springframework.boot.test.autoconfigure.web.client.MockRestServiceServerResetTestExecutionListener, org.springframework.boot.test.autoconfigure.web.servlet.MockMvcPrintOnlyOnFailureTestExecutionListener, org.springframework.boot.test.autoconfigure.web.servlet.WebDriverTestExecutionListener, org.springframework.boot.test.autoconfigure.webservices.client.MockWebServiceServerTestExecutionListener, org.springframework.test.context.web.ServletTestExecutionListener, org.springframework.test.context.support.DirtiesContextBeforeModesTestExecutionListener, org.springframework.test.context.event.ApplicationEventsTestExecutionListener, org.springframework.test.context.support.DependencyInjectionTestExecutionListener, org.springframework.test.context.support.DirtiesContextTestExecutionListener, org.springframework.test.context.transaction.TransactionalTestExecutionListener, org.springframework.test.context.jdbc.SqlScriptsTestExecutionListener, org.springframework.test.context.event.EventPublishingTestExecutionListener]
15:14:03.122 [main] INFO org.springframework.boot.test.context.SpringBootTestContextBootstrapper - Using TestExecutionListeners: [org.springframework.test.context.web.ServletTestExecutionListener@d86a6f, org.springframework.test.context.support.DirtiesContextBeforeModesTestExecutionListener@2892d68, org.springframework.test.context.event.ApplicationEventsTestExecutionListener@5ab956d7, org.springframework.boot.test.mock.mockito.MockitoTestExecutionListener@3646a422, org.springframework.boot.test.autoconfigure.SpringBootDependencyInjectionTestExecutionListener@750e2b97, org.springframework.test.context.support.DirtiesContextTestExecutionListener@3e27aa33, org.springframework.test.context.transaction.TransactionalTestExecutionListener@2e385cce, org.springframework.test.context.jdbc.SqlScriptsTestExecutionListener@2ddc9a9f, org.springframework.test.context.event.EventPublishingTestExecutionListener@298a5e20, org.springframework.boot.test.mock.mockito.ResetMocksTestExecutionListener@2a7f1f10, org.springframework.boot.test.autoconfigure.restdocs.RestDocsTestExecutionListener@46cdf8bd, org.springframework.boot.test.autoconfigure.web.client.MockRestServiceServerResetTestExecutionListener@f0c8a99, org.springframework.boot.test.autoconfigure.web.servlet.MockMvcPrintOnlyOnFailureTestExecutionListener@740cae06, org.springframework.boot.test.autoconfigure.web.servlet.WebDriverTestExecutionListener@26d9b808, org.springframework.boot.test.autoconfigure.webservices.client.MockWebServiceServerTestExecutionListener@f78a47e]
15:14:03.126 [main] DEBUG org.springframework.test.context.support.AbstractDirtiesContextTestExecutionListener - Before test class: context [DefaultTestContext@6e9175d8 testClass = EntityDTOMapperTest, testInstance = [null], testMethod = [null], testException = [null], mergedContextConfiguration = [WebMergedContextConfiguration@7d0b7e3c testClass = EntityDTOMapperTest, locations = '{}', classes = '{class lk.student.registration.Application}', contextInitializerClasses = '[]', activeProfiles = '{}', propertySourceLocations = '{}', propertySourceProperties = '{org.springframework.boot.test.context.SpringBootTestContextBootstrapper=true}', contextCustomizers = set[org.springframework.boot.test.context.filter.ExcludeFilterContextCustomizer@63021689, org.springframework.boot.test.json.DuplicateJsonObjectContextCustomizerFactory$DuplicateJsonObjectContextCustomizer@1622f1b, org.springframework.boot.test.mock.mockito.MockitoContextCustomizer@0, org.springframework.boot.test.web.client.TestRestTemplateContextCustomizer@c267ef4, org.springframework.boot.test.autoconfigure.actuate.metrics.MetricsExportContextCustomizerFactory$DisableMetricExportContextCustomizer@7a69b07, org.springframework.boot.test.autoconfigure.properties.PropertyMappingContextCustomizer@0, org.springframework.boot.test.autoconfigure.web.servlet.WebDriverContextCustomizerFactory$Customizer@647e447, org.springframework.boot.test.context.SpringBootTestArgs@1, org.springframework.boot.test.context.SpringBootTestWebEnvironment@2096442d], resourceBasePath = 'src/main/webapp', contextLoader = 'org.springframework.boot.test.context.SpringBootContextLoader', parent = [null]], attributes = map['org.springframework.test.context.web.ServletTestExecutionListener.activateListener' -> true]], class annotated with @DirtiesContext [false] with mode [null].
15:14:03.173 [main] DEBUG org.springframework.test.context.support.TestPropertySourceUtils - Adding inlined properties to environment: {spring.jmx.enabled=false, org.springframework.boot.test.context.SpringBootTestContextBootstrapper=true}

  .   ____          _            __ _ _
 /\\ / ___'_ __ _ _(_)_ __  __ _ \ \ \ \
( ( )\___ | '_ | '_| | '_ \/ _` | \ \ \ \
 \\/  ___)| |_)| | | | | || (_| |  ) ) ) )
  '  |____| .__|_| |_|_| |_\__, | / / / /
 =========|_|==============|___/=/_/_/_/
 :: Spring Boot ::                (v2.4.2)

2021-08-27 15:14:03.632  INFO 14129 --- [           main] l.s.r.business.util.EntityDTOMapperTest  : Starting EntityDTOMapperTest using Java 1.8.0_292 on ganga-HP-Notebook with PID 14129 (started by ganga in /home/ganga/IdeaProjects/Spring/-International_schools_Alumni_Association_Back_End)
2021-08-27 15:14:03.641  INFO 14129 --- [           main] l.s.r.business.util.EntityDTOMapperTest  : No active profile set, falling back to default profiles: default
2021-08-27 15:14:04.944  INFO 14129 --- [           main] .s.d.r.c.RepositoryConfigurationDelegate : Bootstrapping Spring Data JPA repositories in DEFAULT mode.
2021-08-27 15:14:05.045  INFO 14129 --- [           main] .s.d.r.c.RepositoryConfigurationDelegate : Finished Spring Data repository scanning in 84 ms. Found 1 JPA repository interfaces.
2021-08-27 15:14:05.608  INFO 14129 --- [           main] trationDelegate$BeanPostProcessorChecker : Bean 'org.springframework.security.access.expression.method.DefaultMethodSecurityExpressionHandler@7a1f8def' of type [org.springframework.security.access.expression.method.DefaultMethodSecurityExpressionHandler] is not eligible for getting processed by all BeanPostProcessors (for example: not eligible for auto-proxying)
2021-08-27 15:14:05.629  INFO 14129 --- [           main] trationDelegate$BeanPostProcessorChecker : Bean 'methodSecurityMetadataSource' of type [org.springframework.security.access.method.DelegatingMethodSecurityMetadataSource] is not eligible for getting processed by all BeanPostProcessors (for example: not eligible for auto-proxying)
2021-08-27 15:14:06.131  INFO 14129 --- [           main] o.hibernate.jpa.internal.util.LogHelper  : HHH000204: Processing PersistenceUnitInfo [name: default]
2021-08-27 15:14:06.309  INFO 14129 --- [           main] org.hibernate.Version                    : HHH000412: Hibernate ORM core version 5.4.27.Final
2021-08-27 15:14:06.521  INFO 14129 --- [           main] o.hibernate.annotations.common.Version   : HCANN000001: Hibernate Commons Annotations {5.1.2.Final}
2021-08-27 15:14:06.683  INFO 14129 --- [           main] com.zaxxer.hikari.HikariDataSource       : HikariPool-1 - Starting...
2021-08-27 15:14:07.300  INFO 14129 --- [           main] com.zaxxer.hikari.HikariDataSource       : HikariPool-1 - Start completed.
2021-08-27 15:14:07.348  INFO 14129 --- [           main] org.hibernate.dialect.Dialect            : HHH000400: Using dialect: org.hibernate.dialect.MySQL8Dialect
Hibernate: drop table if exists student
Hibernate: create table student (id integer not null auto_increment, line_1 varchar(255), line_2 varchar(255), date integer, month integer, year integer, contact varchar(255), course_duration varchar(255), ds_division varchar(255), email varchar(255), experience varchar(255), gender integer, gn_division varchar(255), has_image bit, image_path varchar(255), is_followed bit, language varchar(255), f_name varchar(255), l_name varchar(255), o_name varchar(255), nic varchar(255), primary key (id)) engine=InnoDB
Hibernate: alter table student add constraint UK_fe0i52si7ybu0wjedj6motiim unique (email)
Hibernate: alter table student add constraint UK_oomogo9jn26hy9uwmhjrmw9j1 unique (nic)
2021-08-27 15:14:08.901  INFO 14129 --- [           main] o.h.e.t.j.p.i.JtaPlatformInitiator       : HHH000490: Using JtaPlatform implementation: [org.hibernate.engine.transaction.jta.platform.internal.NoJtaPlatform]
2021-08-27 15:14:08.914  INFO 14129 --- [           main] j.LocalContainerEntityManagerFactoryBean : Initialized JPA EntityManagerFactory for persistence unit 'default'
2021-08-27 15:14:09.612  WARN 14129 --- [           main] JpaBaseConfiguration$JpaWebConfiguration : spring.jpa.open-in-view is enabled by default. Therefore, database queries may be performed during view rendering. Explicitly configure spring.jpa.open-in-view to disable this warning
2021-08-27 15:14:10.290  INFO 14129 --- [           main] o.s.s.web.DefaultSecurityFilterChain     : Will secure any request with [org.springframework.security.web.context.request.async.WebAsyncManagerIntegrationFilter@43786627, org.springframework.security.web.context.SecurityContextPersistenceFilter@4b85edeb, org.springframework.security.web.header.HeaderWriterFilter@33e50ff2, org.springframework.security.web.authentication.logout.LogoutFilter@44abdb1f, org.springframework.security.web.savedrequest.RequestCacheAwareFilter@59933644, org.springframework.security.web.servletapi.SecurityContextHolderAwareRequestFilter@7d61468c, org.springframework.security.web.authentication.AnonymousAuthenticationFilter@1d6f77d7, org.springframework.security.web.session.SessionManagementFilter@709d86a2, org.springframework.security.web.access.ExceptionTranslationFilter@844e66d, org.springframework.security.web.access.intercept.FilterSecurityInterceptor@50df37eb]
2021-08-27 15:14:11.196  INFO 14129 --- [           main] o.s.s.concurrent.ThreadPoolTaskExecutor  : Initializing ExecutorService 'applicationTaskExecutor'
2021-08-27 15:14:11.823  INFO 14129 --- [           main] l.s.r.business.util.EntityDTOMapperTest  : Started EntityDTOMapperTest in 8.636 seconds (JVM running for 9.833)
StudentDTO(id=0, fname=null, lname=null, oname=null, line1=null, line2=null, contact=null, email=null, nic=null, date=0, month=0, year=0, gender=null, dsDivision=null, gnDivision=null, language=null, experience=null, isFollowed=false, courseDuration=null, hasImage=false, imagePath=null)
]]></system-out>
  </testcase>
  <testcase name="getStudent" classname="lk.student.registration.business.util.EntityDTOMapperTest" time="0.01">
    <error type="java.lang.NullPointerException">java.lang.NullPointerException
	at lk.student.registration.business.util.EntityDTOMapperTest.getStudent(EntityDTOMapperTest.java:44)
</error>
    <system-out><![CDATA[Student(id=0, name=null, address=null, contact=null, email=null, nic=null, birthDay=null, gender=null, dsDivision=null, gnDivision=null, language=null, experience=null, isFollowed=false, courseDuration=null, hasImage=false, imagePath=null)
]]></system-out>
  </testcase>
</testsuite>